<?xml version="1.0" encoding="UTF-8"?>
<!-- Generated by org.testng.reporters.JUnitReportReporter -->
<testsuite hostname="INBLRWHF1265MBY" failures="0" tests="6" name="com.testautomation.apitesting.runner.TestRunnerTestNG" time="7.630" errors="0" timestamp="2025-03-12T10:51:22 IST" skipped="0">
  <testcase classname="com.testautomation.apitesting.runner.TestRunnerTestNG" name="feature" time="0.614"/>
  <testcase classname="com.testautomation.apitesting.runner.TestRunnerTestNG" name="feature" time="0.596"/>
  <testcase classname="com.testautomation.apitesting.runner.TestRunnerTestNG" name="feature" time="0.608"/>
  <testcase classname="com.testautomation.apitesting.runner.TestRunnerTestNG" name="feature" time="0.698"/>
  <testcase classname="com.testautomation.apitesting.runner.TestRunnerTestNG" name="feature" time="0.625"/>
  <testcase classname="com.testautomation.apitesting.runner.TestRunnerTestNG" name="feature" time="4.489"/>
</testsuite> <!-- com.testautomation.apitesting.runner.TestRunnerTestNG -->
