<?xml version="1.0" encoding="UTF-8"?>
<!-- Generated by org.testng.reporters.JUnitReportReporter -->
<testsuite hostname="INBLRWHF1265MBY" failures="0" tests="6" name="com.testautomation.apitesting.runner.TestRunnerTestNG" time="6.981" errors="0" timestamp="2025-03-18T18:45:21 IST" skipped="0">
  <testcase classname="com.testautomation.apitesting.runner.TestRunnerTestNG" name="feature" time="4.243"/>
  <testcase classname="com.testautomation.apitesting.runner.TestRunnerTestNG" name="feature" time="0.584"/>
  <testcase classname="com.testautomation.apitesting.runner.TestRunnerTestNG" name="feature" time="0.563"/>
  <testcase classname="com.testautomation.apitesting.runner.TestRunnerTestNG" name="feature" time="0.496"/>
  <testcase classname="com.testautomation.apitesting.runner.TestRunnerTestNG" name="feature" time="0.566"/>
  <testcase classname="com.testautomation.apitesting.runner.TestRunnerTestNG" name="feature" time="0.529"/>
</testsuite> <!-- com.testautomation.apitesting.runner.TestRunnerTestNG -->
