<?xml version="1.0" encoding="UTF-8"?>
<!-- Generated by org.testng.reporters.JUnitReportReporter -->
<testsuite hostname="INBLRWHF1265MBY" failures="0" tests="6" name="com.testautomation.apitesting.runner.TestRunnerTestNG" time="10.381" errors="0" timestamp="2025-03-11T19:08:46 IST" skipped="0">
  <testcase classname="com.testautomation.apitesting.runner.TestRunnerTestNG" name="feature" time="1.287"/>
  <testcase classname="com.testautomation.apitesting.runner.TestRunnerTestNG" name="feature" time="1.227"/>
  <testcase classname="com.testautomation.apitesting.runner.TestRunnerTestNG" name="feature" time="1.238"/>
  <testcase classname="com.testautomation.apitesting.runner.TestRunnerTestNG" name="feature" time="4.123"/>
  <testcase classname="com.testautomation.apitesting.runner.TestRunnerTestNG" name="feature" time="1.242"/>
  <testcase classname="com.testautomation.apitesting.runner.TestRunnerTestNG" name="feature" time="1.264"/>
</testsuite> <!-- com.testautomation.apitesting.runner.TestRunnerTestNG -->
