<?xml version="1.0" encoding="UTF-8"?>
<!-- Generated by org.testng.reporters.JUnitReportReporter -->
<testsuite hostname="INBLRWHF1265MBY" failures="0" tests="6" name="com.testautomation.apitesting.runner.TestRunnerTestNG" time="5.112" errors="0" timestamp="2025-03-18T11:47:31 IST" skipped="0">
  <testcase classname="com.testautomation.apitesting.runner.TestRunnerTestNG" name="feature" time="0.435"/>
  <testcase classname="com.testautomation.apitesting.runner.TestRunnerTestNG" name="feature" time="0.466"/>
  <testcase classname="com.testautomation.apitesting.runner.TestRunnerTestNG" name="feature" time="0.394"/>
  <testcase classname="com.testautomation.apitesting.runner.TestRunnerTestNG" name="feature" time="3.079"/>
  <testcase classname="com.testautomation.apitesting.runner.TestRunnerTestNG" name="feature" time="0.371"/>
  <testcase classname="com.testautomation.apitesting.runner.TestRunnerTestNG" name="feature" time="0.367"/>
</testsuite> <!-- com.testautomation.apitesting.runner.TestRunnerTestNG -->
