<?xml version="1.0" encoding="UTF-8"?>
<!-- Generated by org.testng.reporters.JUnitReportReporter -->
<testsuite hostname="INBLRWHF1265MBY" failures="0" tests="6" name="com.testautomation.apitesting.runner.TestRunnerTestNG" time="5.170" errors="0" timestamp="2025-03-17T20:53:54 IST" skipped="0">
  <testcase classname="com.testautomation.apitesting.runner.TestRunnerTestNG" name="feature" time="0.484"/>
  <testcase classname="com.testautomation.apitesting.runner.TestRunnerTestNG" name="feature" time="0.504"/>
  <testcase classname="com.testautomation.apitesting.runner.TestRunnerTestNG" name="feature" time="0.452"/>
  <testcase classname="com.testautomation.apitesting.runner.TestRunnerTestNG" name="feature" time="2.850"/>
  <testcase classname="com.testautomation.apitesting.runner.TestRunnerTestNG" name="feature" time="0.454"/>
  <testcase classname="com.testautomation.apitesting.runner.TestRunnerTestNG" name="feature" time="0.426"/>
</testsuite> <!-- com.testautomation.apitesting.runner.TestRunnerTestNG -->
